Начало обучения TD3. Всего шагов: 10000
2025-05-02 22:57:19 === Оценка #1 (шаг 1000) ===
2025-05-02 22:57:19 Начало оценки на train среде, 2 эпизодов
Диапазон цен в train: мин=$11.26, макс=$179.54, среднее=$59.14
--- train Эпизод 1/2 начало ---
DEBUG Buy at: $15.43
train Шаг 1: ПОКУПКА по $15.43
DEBUG Buy at: $15.48
train Шаг 2: ПОКУПКА по $15.48
DEBUG Buy at: $15.43
train Шаг 3: ПОКУПКА по $15.43
DEBUG Buy at: $15.48
train Шаг 4: ПОКУПКА по $15.48
DEBUG Buy at: $15.36
train Шаг 5: ПОКУПКА по $15.36
DEBUG Buy at: $15.39
train Шаг 6: ПОКУПКА по $15.39
DEBUG Buy at: $15.41
train Шаг 7: ПОКУПКА по $15.41
DEBUG Buy at: $15.52
train Шаг 8: ПОКУПКА по $15.52
train Эпизод 1: Закрытие 8 позиций по последней цене $173.56
DEBUG Close at: $173.56 | Position: +$158.13
train Закрытие: покупка $15.43, продажа $173.56, прибыль +$158.13
DEBUG Close at: $173.56 | Position: +$158.08
train Закрытие: покупка $15.48, продажа $173.56, прибыль +$158.08
DEBUG Close at: $173.56 | Position: +$158.13
train Закрытие: покупка $15.43, продажа $173.56, прибыль +$158.13
DEBUG Close at: $173.56 | Position: +$158.08
train Закрытие: покупка $15.48, продажа $173.56, прибыль +$158.08
DEBUG Close at: $173.56 | Position: +$158.20
train Закрытие: покупка $15.36, продажа $173.56, прибыль +$158.20
DEBUG Close at: $173.56 | Position: +$158.17
train Закрытие: покупка $15.39, продажа $173.56, прибыль +$158.17
DEBUG Close at: $173.56 | Position: +$158.15
train Закрытие: покупка $15.41, продажа $173.56, прибыль +$158.15
DEBUG Close at: $173.56 | Position: +$158.04
train Закрытие: покупка $15.52, продажа $173.56, прибыль +$158.04
--- train Эпизод 1 итоги: прибыль $1264.99, покупок 8, продаж 0, удержаний 3316 ---
[Eval] train ep 0:profit 1264.990760
--- train Эпизод 2/2 начало ---
DEBUG Buy at: $15.43
train Шаг 1: ПОКУПКА по $15.43
DEBUG Buy at: $15.48
train Шаг 2: ПОКУПКА по $15.48
DEBUG Buy at: $15.43
train Шаг 3: ПОКУПКА по $15.43
DEBUG Buy at: $15.48
train Шаг 4: ПОКУПКА по $15.48
DEBUG Buy at: $15.36
train Шаг 5: ПОКУПКА по $15.36
DEBUG Buy at: $15.39
train Шаг 6: ПОКУПКА по $15.39
DEBUG Buy at: $15.41
train Шаг 7: ПОКУПКА по $15.41
DEBUG Buy at: $15.52
train Шаг 8: ПОКУПКА по $15.52
train Эпизод 2: Закрытие 8 позиций по последней цене $173.56
DEBUG Close at: $173.56 | Position: +$158.13
train Закрытие: покупка $15.43, продажа $173.56, прибыль +$158.13
DEBUG Close at: $173.56 | Position: +$158.08
train Закрытие: покупка $15.48, продажа $173.56, прибыль +$158.08
DEBUG Close at: $173.56 | Position: +$158.13
train Закрытие: покупка $15.43, продажа $173.56, прибыль +$158.13
DEBUG Close at: $173.56 | Position: +$158.08
train Закрытие: покупка $15.48, продажа $173.56, прибыль +$158.08
DEBUG Close at: $173.56 | Position: +$158.20
train Закрытие: покупка $15.36, продажа $173.56, прибыль +$158.20
DEBUG Close at: $173.56 | Position: +$158.17
train Закрытие: покупка $15.39, продажа $173.56, прибыль +$158.17
DEBUG Close at: $173.56 | Position: +$158.15
train Закрытие: покупка $15.41, продажа $173.56, прибыль +$158.15
DEBUG Close at: $173.56 | Position: +$158.04
train Закрытие: покупка $15.52, продажа $173.56, прибыль +$158.04
--- train Эпизод 2 итоги: прибыль $1264.99, покупок 8, продаж 0, удержаний 3316 ---
[Eval] train ep 1:profit 1264.990760
ВНИМАНИЕ: Очень высокий Sharpe Ratio: 5.0000. Возможно, проблема с расчетом.
Train итоги: прибыль $2529.98, Sharpe 5.0000, покупок 16, продаж 0, удержаний 6632
2025-05-02 22:57:42 Начало оценки на val среде, 2 эпизодов
Диапазон цен в val: мин=$173.96, макс=$186.86, среднее=$178.98
--- val Эпизод 1/2 начало ---
